<?xml version="1.0" encoding="UTF-8"?>
<testng-results ignored="1" total="9" passed="8" failed="0" skipped="0">
  <reporter-output>
  </reporter-output>
  <suite started-at="2025-05-16T19:17:24 IST" name="Opencart App Test Regression Suite" finished-at="2025-05-16T19:17:35 IST" duration-ms="10739">
    <groups>
    </groups>
    <test started-at="2025-05-16T19:17:24 IST" name="Login Page Test_chrome" finished-at="2025-05-16T19:17:32 IST" duration-ms="8188">
      <class name="com.qa.opencart.tests.LoginPageTest">
        <test-method is-config="true" signature="setup(java.lang.String)[pri:0, instance:com.qa.opencart.tests.LoginPageTest@6c27e700]" started-at="2025-05-16T19:17:24 IST" name="setup" finished-at="2025-05-16T19:17:29 IST" duration-ms="4918" status="PASS">
          <params>
            <param index="0">
              <value>
                <![CDATA[chrome]]>
              </value>
            </param>
          </params>
          <reporter-output>
          </reporter-output>
        </test-method> <!-- setup -->
        <test-method signature="forgotPwdLinkExistTest()[pri:0, instance:com.qa.opencart.tests.LoginPageTest@6c27e700]" started-at="2025-05-16T19:17:29 IST" name="forgotPwdLinkExistTest" description="forgotPwdLinkExistTest" finished-at="2025-05-16T19:17:30 IST" duration-ms="102" status="PASS">
          <reporter-output>
          </reporter-output>
        </test-method> <!-- forgotPwdLinkExistTest -->
        <test-method is-config="true" signature="attachScreenshot(org.testng.ITestResult)[pri:0, instance:com.qa.opencart.tests.LoginPageTest@6c27e700]" started-at="2025-05-16T19:17:30 IST" name="attachScreenshot" finished-at="2025-05-16T19:17:30 IST" duration-ms="2" status="PASS">
          <params>
            <param index="0">
              <value>
                <![CDATA[[TestResult name=forgotPwdLinkExistTest status=SUCCESS method=LoginPageTest.forgotPwdLinkExistTest()[pri:0, instance:com.qa.opencart.tests.LoginPageTest@6c27e700] output={null}]]]>
              </value>
            </param>
          </params>
          <reporter-output>
          </reporter-output>
        </test-method> <!-- attachScreenshot -->
        <test-method signature="loginPageTitleTest()[pri:0, instance:com.qa.opencart.tests.LoginPageTest@6c27e700]" started-at="2025-05-16T19:17:30 IST" name="loginPageTitleTest" description="checking login title" finished-at="2025-05-16T19:17:30 IST" duration-ms="98" status="PASS">
          <reporter-output>
          </reporter-output>
        </test-method> <!-- loginPageTitleTest -->
        <test-method is-config="true" signature="attachScreenshot(org.testng.ITestResult)[pri:0, instance:com.qa.opencart.tests.LoginPageTest@6c27e700]" started-at="2025-05-16T19:17:30 IST" name="attachScreenshot" finished-at="2025-05-16T19:17:30 IST" duration-ms="1" status="PASS">
          <params>
            <param index="0">
              <value>
                <![CDATA[[TestResult name=loginPageTitleTest status=SUCCESS method=LoginPageTest.loginPageTitleTest()[pri:0, instance:com.qa.opencart.tests.LoginPageTest@6c27e700] output={null}]]]>
              </value>
            </param>
          </params>
          <reporter-output>
          </reporter-output>
        </test-method> <!-- attachScreenshot -->
        <test-method signature="loginPageURLTest()[pri:0, instance:com.qa.opencart.tests.LoginPageTest@6c27e700]" started-at="2025-05-16T19:17:30 IST" name="loginPageURLTest" description="checking login page url" finished-at="2025-05-16T19:17:30 IST" duration-ms="96" status="PASS">
          <reporter-output>
          </reporter-output>
        </test-method> <!-- loginPageURLTest -->
        <test-method is-config="true" signature="attachScreenshot(org.testng.ITestResult)[pri:0, instance:com.qa.opencart.tests.LoginPageTest@6c27e700]" started-at="2025-05-16T19:17:30 IST" name="attachScreenshot" finished-at="2025-05-16T19:17:30 IST" duration-ms="1" status="PASS">
          <params>
            <param index="0">
              <value>
                <![CDATA[[TestResult name=loginPageURLTest status=SUCCESS method=LoginPageTest.loginPageURLTest()[pri:0, instance:com.qa.opencart.tests.LoginPageTest@6c27e700] output={null}]]]>
              </value>
            </param>
          </params>
          <reporter-output>
          </reporter-output>
        </test-method> <!-- attachScreenshot -->
        <test-method signature="doLoginTest()[pri:32767, instance:com.qa.opencart.tests.LoginPageTest@6c27e700]" started-at="2025-05-16T19:17:30 IST" name="doLoginTest" description="login with valid credentials" finished-at="2025-05-16T19:17:32 IST" duration-ms="1729" status="PASS">
          <reporter-output>
          </reporter-output>
        </test-method> <!-- doLoginTest -->
        <test-method is-config="true" signature="attachScreenshot(org.testng.ITestResult)[pri:0, instance:com.qa.opencart.tests.LoginPageTest@6c27e700]" started-at="2025-05-16T19:17:32 IST" name="attachScreenshot" finished-at="2025-05-16T19:17:32 IST" duration-ms="1" status="PASS">
          <params>
            <param index="0">
              <value>
                <![CDATA[[TestResult name=doLoginTest status=SUCCESS method=LoginPageTest.doLoginTest()[pri:32767, instance:com.qa.opencart.tests.LoginPageTest@6c27e700] output={null}]]]>
              </value>
            </param>
          </params>
          <reporter-output>
          </reporter-output>
        </test-method> <!-- attachScreenshot -->
        <test-method is-config="true" signature="tearDown()[pri:0, instance:com.qa.opencart.tests.LoginPageTest@6c27e700]" started-at="2025-05-16T19:17:32 IST" name="tearDown" finished-at="2025-05-16T19:17:32 IST" duration-ms="732" status="PASS">
          <reporter-output>
          </reporter-output>
        </test-method> <!-- tearDown -->
      </class> <!-- com.qa.opencart.tests.LoginPageTest -->
    </test> <!-- Login Page Test_chrome -->
    <test started-at="2025-05-16T19:17:24 IST" name="Accounts Page Test_chrome" finished-at="2025-05-16T19:17:32 IST" duration-ms="8185">
      <class name="com.qa.opencart.tests.AccountsPageTest">
        <test-method is-config="true" signature="setup(java.lang.String)[pri:0, instance:com.qa.opencart.tests.AccountsPageTest@2086d469]" started-at="2025-05-16T19:17:24 IST" name="setup" finished-at="2025-05-16T19:17:29 IST" duration-ms="5223" status="PASS">
          <params>
            <param index="0">
              <value>
                <![CDATA[chrome]]>
              </value>
            </param>
          </params>
          <reporter-output>
          </reporter-output>
        </test-method> <!-- setup -->
        <test-method is-config="true" signature="accPageSetup()[pri:0, instance:com.qa.opencart.tests.AccountsPageTest@2086d469]" started-at="2025-05-16T19:17:29 IST" name="accPageSetup" finished-at="2025-05-16T19:17:31 IST" duration-ms="1444" status="PASS">
          <reporter-output>
          </reporter-output>
        </test-method> <!-- accPageSetup -->
        <test-method signature="accPageHeadersTest()[pri:0, instance:com.qa.opencart.tests.AccountsPageTest@2086d469]" started-at="2025-05-16T19:17:31 IST" name="accPageHeadersTest" finished-at="2025-05-16T19:17:31 IST" duration-ms="575" status="PASS">
          <reporter-output>
          </reporter-output>
        </test-method> <!-- accPageHeadersTest -->
        <test-method is-config="true" signature="attachScreenshot(org.testng.ITestResult)[pri:0, instance:com.qa.opencart.tests.AccountsPageTest@2086d469]" started-at="2025-05-16T19:17:31 IST" name="attachScreenshot" finished-at="2025-05-16T19:17:31 IST" duration-ms="1" status="PASS">
          <params>
            <param index="0">
              <value>
                <![CDATA[[TestResult name=accPageHeadersTest status=SUCCESS method=AccountsPageTest.accPageHeadersTest()[pri:0, instance:com.qa.opencart.tests.AccountsPageTest@2086d469] output={null}]]]>
              </value>
            </param>
          </params>
          <reporter-output>
          </reporter-output>
        </test-method> <!-- attachScreenshot -->
        <test-method signature="accPageTitleTest()[pri:0, instance:com.qa.opencart.tests.AccountsPageTest@2086d469]" started-at="2025-05-16T19:17:31 IST" name="accPageTitleTest" finished-at="2025-05-16T19:17:31 IST" duration-ms="45" status="PASS">
          <reporter-output>
          </reporter-output>
        </test-method> <!-- accPageTitleTest -->
        <test-method is-config="true" signature="attachScreenshot(org.testng.ITestResult)[pri:0, instance:com.qa.opencart.tests.AccountsPageTest@2086d469]" started-at="2025-05-16T19:17:31 IST" name="attachScreenshot" finished-at="2025-05-16T19:17:31 IST" duration-ms="1" status="PASS">
          <params>
            <param index="0">
              <value>
                <![CDATA[[TestResult name=accPageTitleTest status=SUCCESS method=AccountsPageTest.accPageTitleTest()[pri:0, instance:com.qa.opencart.tests.AccountsPageTest@2086d469] output={null}]]]>
              </value>
            </param>
          </params>
          <reporter-output>
          </reporter-output>
        </test-method> <!-- attachScreenshot -->
        <test-method signature="accPageURLTest()[pri:0, instance:com.qa.opencart.tests.AccountsPageTest@2086d469]" started-at="2025-05-16T19:17:31 IST" name="accPageURLTest" finished-at="2025-05-16T19:17:32 IST" duration-ms="54" status="PASS">
          <reporter-output>
          </reporter-output>
        </test-method> <!-- accPageURLTest -->
        <test-method is-config="true" signature="attachScreenshot(org.testng.ITestResult)[pri:0, instance:com.qa.opencart.tests.AccountsPageTest@2086d469]" started-at="2025-05-16T19:17:32 IST" name="attachScreenshot" finished-at="2025-05-16T19:17:32 IST" duration-ms="1" status="PASS">
          <params>
            <param index="0">
              <value>
                <![CDATA[[TestResult name=accPageURLTest status=SUCCESS method=AccountsPageTest.accPageURLTest()[pri:0, instance:com.qa.opencart.tests.AccountsPageTest@2086d469] output={null}]]]>
              </value>
            </param>
          </params>
          <reporter-output>
          </reporter-output>
        </test-method> <!-- attachScreenshot -->
        <test-method is-config="true" signature="tearDown()[pri:0, instance:com.qa.opencart.tests.AccountsPageTest@2086d469]" started-at="2025-05-16T19:17:32 IST" name="tearDown" finished-at="2025-05-16T19:17:32 IST" duration-ms="729" status="PASS">
          <reporter-output>
          </reporter-output>
        </test-method> <!-- tearDown -->
      </class> <!-- com.qa.opencart.tests.AccountsPageTest -->
    </test> <!-- Accounts Page Test_chrome -->
    <test started-at="2025-05-16T19:17:24 IST" name="Search Test_chrome" finished-at="2025-05-16T19:17:35 IST" duration-ms="10734">
      <class name="com.qa.opencart.tests.SearchTest">
        <test-method is-config="true" signature="setup(java.lang.String)[pri:0, instance:com.qa.opencart.tests.SearchTest@402d6012]" started-at="2025-05-16T19:17:24 IST" name="setup" finished-at="2025-05-16T19:17:32 IST" duration-ms="8342" status="PASS">
          <params>
            <param index="0">
              <value>
                <![CDATA[firefox]]>
              </value>
            </param>
          </params>
          <reporter-output>
          </reporter-output>
        </test-method> <!-- setup -->
        <test-method is-config="true" signature="searchSetup()[pri:0, instance:com.qa.opencart.tests.SearchTest@402d6012]" started-at="2025-05-16T19:17:32 IST" name="searchSetup" finished-at="2025-05-16T19:17:33 IST" duration-ms="835" status="PASS">
          <reporter-output>
          </reporter-output>
        </test-method> <!-- searchSetup -->
        <test-method signature="searchTest()[pri:0, instance:com.qa.opencart.tests.SearchTest@402d6012]" started-at="2025-05-16T19:17:33 IST" name="searchTest" finished-at="2025-05-16T19:17:34 IST" duration-ms="650" status="PASS">
          <reporter-output>
          </reporter-output>
        </test-method> <!-- searchTest -->
        <test-method is-config="true" signature="attachScreenshot(org.testng.ITestResult)[pri:0, instance:com.qa.opencart.tests.SearchTest@402d6012]" started-at="2025-05-16T19:17:34 IST" name="attachScreenshot" finished-at="2025-05-16T19:17:34 IST" duration-ms="0" status="PASS">
          <params>
            <param index="0">
              <value>
                <![CDATA[[TestResult name=searchTest status=SUCCESS method=SearchTest.searchTest()[pri:0, instance:com.qa.opencart.tests.SearchTest@402d6012] output={null}]]]>
              </value>
            </param>
          </params>
          <reporter-output>
          </reporter-output>
        </test-method> <!-- attachScreenshot -->
        <test-method is-config="true" signature="tearDown()[pri:0, instance:com.qa.opencart.tests.SearchTest@402d6012]" started-at="2025-05-16T19:17:34 IST" name="tearDown" finished-at="2025-05-16T19:17:35 IST" duration-ms="878" status="PASS">
          <reporter-output>
          </reporter-output>
        </test-method> <!-- tearDown -->
      </class> <!-- com.qa.opencart.tests.SearchTest -->
    </test> <!-- Search Test_chrome -->
  </suite> <!-- Opencart App Test Regression Suite -->
</testng-results>
