<?xml version="1.0" encoding="UTF-8"?>
<!-- Generated by org.testng.reporters.JUnitXMLReporter -->
<testsuite ignored="1" hostname="DESKTOP-LOQ3JTI" failures="0" tests="4" name="Login Page Test_chrome" time="8.188" errors="0" timestamp="2025-05-16T19:17:32 IST">
  <testcase classname="com.qa.opencart.tests.LoginPageTest" name="forgotPwdLinkExistTest" time="0.102"/>
  <testcase classname="com.qa.opencart.tests.LoginPageTest" name="loginPageTitleTest" time="0.098"/>
  <testcase classname="com.qa.opencart.tests.LoginPageTest" name="loginPageURLTest" time="0.096"/>
  <testcase classname="com.qa.opencart.tests.LoginPageTest" name="doLoginTest" time="1.729"/>
  <testcase classname="com.qa.opencart.tests.LoginPageTest" name="forgotPwd" time="0.0">
    <ignored/>
  </testcase> <!-- forgotPwd -->
</testsuite> <!-- Login Page Test_chrome -->
